<?xml version="1.0" encoding="UTF-8"?>
<!-- Generated by org.testng.reporters.JUnitReportReporter -->
<testsuite hostname="DESKTOP-5CMT1P5" failures="0" tests="1" name="Com.Pac.Login_To_Vtiger" time="42.462" errors="0" timestamp="06 May 2022 04:57:30 GMT" skipped="0">
  <testcase classname="Com.Pac.Login_To_Vtiger" name="Login" time="42.462"/>
</testsuite> <!-- Com.Pac.Login_To_Vtiger -->
